# JRE version: OpenJDK Runtime Environment Temurin-17.0.15+6 (17.0.15+6) (build 17.0.15+6)
# Java VM: OpenJDK 64-Bit Server VM Temurin-17.0.15+6 (17.0.15+6, mixed mode, sharing, tiered, compressed oops, compressed class ptrs, g1 gc, windows-amd64)
GC Precious Log:
 CPUs: 8 total, 8 available
 Memory: 8038M
 Large Page Support: Disabled
 NUMA Support: Disabled
 Compressed Oops: Enabled (Zero based)
 Heap Region Size: 2M
 Heap Min Capacity: 8M
 Heap Initial Capacity: 126M
 Heap Max Capacity: 4G
 Pre-touch: Disabled
 Parallel Workers: 8
 Concurrent Workers: 2
 Concurrent Refinement Workers: 8
 Periodic GC: Disabled
Heap:
 garbage-first heap   total 808960K, used 437109K [0x0000000700000000, 0x0000000800000000)
  region size 2048K, 9 young (18432K), 9 survivors (18432K)
 Metaspace       used 143325K, committed 145152K, reserved 1179648K
  class space    used 19909K, committed 20736K, reserved 1048576K
GC Heap History (20 events):
Event: 167.433 GC heap after
{Heap after GC invocations=119 (full 0):
 garbage-first heap   total 673792K, used 351647K [0x0000000700000000, 0x0000000800000000)
  region size 2048K, 12 young (24576K), 12 survivors (24576K)
 Metaspace       used 142933K, committed 144704K, reserved 1179648K
  class space    used 19880K, committed 20672K, reserved 1048576K
}
Event: 168.856 GC heap before
{Heap before GC invocations=119 (full 0):
 garbage-first heap   total 673792K, used 574879K [0x0000000700000000, 0x0000000800000000)
  region size 2048K, 121 young (247808K), 12 survivors (24576K)
 Metaspace       used 143000K, committed 144768K, reserved 1179648K
  class space    used 19887K, committed 20672K, reserved 1048576K
}
Event: 168.897 GC heap after
{Heap after GC invocations=120 (full 0):
 garbage-first heap   total 673792K, used 356338K [0x0000000700000000, 0x0000000800000000)
  region size 2048K, 9 young (18432K), 9 survivors (18432K)
 Metaspace       used 143000K, committed 144768K, reserved 1179648K
  class space    used 19887K, committed 20672K, reserved 1048576K
}
Event: 170.597 GC heap before
{Heap before GC invocations=120 (full 0):
 garbage-first heap   total 673792K, used 579570K [0x0000000700000000, 0x0000000800000000)
  region size 2048K, 118 young (241664K), 9 survivors (18432K)
 Metaspace       used 143101K, committed 144832K, reserved 1179648K
  class space    used 19899K, committed 20672K, reserved 1048576K
}
Event: 170.626 GC heap after
{Heap after GC invocations=121 (full 0):
 garbage-first heap   total 808960K, used 363108K [0x0000000700000000, 0x0000000800000000)
  region size 2048K, 12 young (24576K), 12 survivors (24576K)
 Metaspace       used 143101K, committed 144832K, reserved 1179648K
  class space    used 19899K, committed 20672K, reserved 1048576K
}
Event: 178.570 GC heap before
{Heap before GC invocations=121 (full 0):
 garbage-first heap   total 808960K, used 692836K [0x0000000700000000, 0x0000000800000000)
  region size 2048K, 174 young (356352K), 12 survivors (24576K)
 Metaspace       used 143129K, committed 144832K, reserved 1179648K
  class space    used 19901K, committed 20672K, reserved 1048576K
}
Event: 178.656 GC heap after
{Heap after GC invocations=122 (full 0):
 garbage-first heap   total 808960K, used 370717K [0x0000000700000000, 0x0000000800000000)
  region size 2048K, 16 young (32768K), 16 survivors (32768K)
 Metaspace       used 143129K, committed 144832K, reserved 1179648K
  class space    used 19901K, committed 20672K, reserved 1048576K
}
Event: 185.320 GC heap before
{Heap before GC invocations=122 (full 0):
 garbage-first heap   total 808960K, used 686109K [0x0000000700000000, 0x0000000800000000)
  region size 2048K, 170 young (348160K), 16 survivors (32768K)
 Metaspace       used 143154K, committed 144960K, reserved 1179648K
  class space    used 19903K, committed 20736K, reserved 1048576K
}
Event: 185.555 GC heap after
{Heap after GC invocations=123 (full 0):
 garbage-first heap   total 808960K, used 377997K [0x0000000700000000, 0x0000000800000000)
  region size 2048K, 15 young (30720K), 15 survivors (30720K)
 Metaspace       used 143154K, committed 144960K, reserved 1179648K
  class space    used 19903K, committed 20736K, reserved 1048576K
}
Event: 191.920 GC heap before
{Heap before GC invocations=123 (full 0):
 garbage-first heap   total 808960K, used 685197K [0x0000000700000000, 0x0000000800000000)
  region size 2048K, 166 young (339968K), 15 survivors (30720K)
 Metaspace       used 143224K, committed 145024K, reserved 1179648K
  class space    used 19904K, committed 20736K, reserved 1048576K
}
Event: 192.084 GC heap after
{Heap after GC invocations=124 (full 0):
 garbage-first heap   total 808960K, used 386275K [0x0000000700000000, 0x0000000800000000)
  region size 2048K, 16 young (32768K), 16 survivors (32768K)
 Metaspace       used 143224K, committed 145024K, reserved 1179648K
  class space    used 19904K, committed 20736K, reserved 1048576K
}
Event: 197.468 GC heap before
{Heap before GC invocations=124 (full 0):
 garbage-first heap   total 808960K, used 687331K [0x0000000700000000, 0x0000000800000000)
  region size 2048K, 164 young (335872K), 16 survivors (32768K)
 Metaspace       used 143279K, committed 145088K, reserved 1179648K
  class space    used 19905K, committed 20736K, reserved 1048576K
}
Event: 198.132 GC heap after
{Heap after GC invocations=125 (full 0):
 garbage-first heap   total 808960K, used 405636K [0x0000000700000000, 0x0000000800000000)
  region size 2048K, 16 young (32768K), 16 survivors (32768K)
 Metaspace       used 143279K, committed 145088K, reserved 1179648K
  class space    used 19905K, committed 20736K, reserved 1048576K
}
Event: 198.721 GC heap before
{Heap before GC invocations=125 (full 0):
 garbage-first heap   total 808960K, used 411780K [0x0000000700000000, 0x0000000800000000)
  region size 2048K, 19 young (38912K), 16 survivors (32768K)
 Metaspace       used 143281K, committed 145088K, reserved 1179648K
  class space    used 19905K, committed 20736K, reserved 1048576K
}
Event: 198.940 GC heap after
{Heap after GC invocations=126 (full 0):
 garbage-first heap   total 808960K, used 409820K [0x0000000700000000, 0x0000000800000000)
  region size 2048K, 3 young (6144K), 3 survivors (6144K)
 Metaspace       used 143281K, committed 145088K, reserved 1179648K
  class space    used 19905K, committed 20736K, reserved 1048576K
}
Event: 203.197 GC heap before
{Heap before GC invocations=126 (full 0):
 garbage-first heap   total 808960K, used 678108K [0x0000000700000000, 0x0000000800000000)
  region size 2048K, 134 young (274432K), 3 survivors (6144K)
 Metaspace       used 143300K, committed 145088K, reserved 1179648K
  class space    used 19909K, committed 20736K, reserved 1048576K
}
Event: 203.253 GC heap after
{Heap after GC invocations=127 (full 0):
 garbage-first heap   total 808960K, used 421799K [0x0000000700000000, 0x0000000800000000)
  region size 2048K, 9 young (18432K), 9 survivors (18432K)
 Metaspace       used 143300K, committed 145088K, reserved 1179648K
  class space    used 19909K, committed 20736K, reserved 1048576K
}
Event: 204.996 GC heap before
{Heap before GC invocations=127 (full 0):
 garbage-first heap   total 808960K, used 634791K [0x0000000700000000, 0x0000000800000000)
  region size 2048K, 113 young (231424K), 9 survivors (18432K)
 Metaspace       used 143309K, committed 145152K, reserved 1179648K
  class space    used 19909K, committed 20736K, reserved 1048576K
}
Event: 205.070 GC heap after
{Heap after GC invocations=128 (full 0):
 garbage-first heap   total 808960K, used 431535K [0x0000000700000000, 0x0000000800000000)
  region size 2048K, 6 young (12288K), 6 survivors (12288K)
 Metaspace       used 143309K, committed 145152K, reserved 1179648K
  class space    used 19909K, committed 20736K, reserved 1048576K
}
Event: 206.234 GC heap before
{Heap before GC invocations=128 (full 0):
 garbage-first heap   total 808960K, used 681391K [0x0000000700000000, 0x0000000800000000)
  region size 2048K, 128 young (262144K), 6 survivors (12288K)
 Metaspace       used 143325K, committed 145152K, reserved 1179648K
  class space    used 19909K, committed 20736K, reserved 1048576K
}

