# JRE version: OpenJDK Runtime Environment Temurin-17.0.15+6 (17.0.15+6) (build 17.0.15+6)
# Java VM: OpenJDK 64-Bit Server VM Temurin-17.0.15+6 (17.0.15+6, mixed mode, sharing, tiered, compressed oops, compressed class ptrs, g1 gc, windows-amd64)
GC Precious Log:
 CPUs: 8 total, 8 available
 Memory: 8038M
 Large Page Support: Disabled
 NUMA Support: Disabled
 Compressed Oops: Enabled (Zero based)
 Heap Region Size: 2M
 Heap Min Capacity: 8M
 Heap Initial Capacity: 126M
 Heap Max Capacity: 4G
 Pre-touch: Disabled
 Parallel Workers: 8
 Concurrent Workers: 2
 Concurrent Refinement Workers: 8
 Periodic GC: Disabled
Heap:
 garbage-first heap   total 841728K, used 685507K [0x0000000700000000, 0x0000000800000000)
  region size 2048K, 4 young (8192K), 4 survivors (8192K)
 Metaspace       used 239467K, committed 242752K, reserved 1310720K
  class space    used 30948K, committed 32512K, reserved 1048576K
GC Heap History (20 events):
Event: 8278.804 GC heap after
{Heap after GC invocations=213 (full 1):
 garbage-first heap   total 841728K, used 639722K [0x0000000700000000, 0x0000000800000000)
  region size 2048K, 5 young (10240K), 5 survivors (10240K)
 Metaspace       used 238638K, committed 241984K, reserved 1310720K
  class space    used 30877K, committed 32448K, reserved 1048576K
}
Event: 8279.714 GC heap before
{Heap before GC invocations=213 (full 1):
 garbage-first heap   total 841728K, used 725738K [0x0000000700000000, 0x0000000800000000)
  region size 2048K, 48 young (98304K), 5 survivors (10240K)
 Metaspace       used 238664K, committed 241984K, reserved 1310720K
  class space    used 30878K, committed 32448K, reserved 1048576K
}
Event: 8279.729 GC heap after
{Heap after GC invocations=214 (full 1):
 garbage-first heap   total 841728K, used 639319K [0x0000000700000000, 0x0000000800000000)
  region size 2048K, 4 young (8192K), 4 survivors (8192K)
 Metaspace       used 238664K, committed 241984K, reserved 1310720K
  class space    used 30878K, committed 32448K, reserved 1048576K
}
Event: 8280.929 GC heap before
{Heap before GC invocations=214 (full 1):
 garbage-first heap   total 841728K, used 727383K [0x0000000700000000, 0x0000000800000000)
  region size 2048K, 48 young (98304K), 4 survivors (8192K)
 Metaspace       used 238681K, committed 242048K, reserved 1310720K
  class space    used 30878K, committed 32448K, reserved 1048576K
}
Event: 8280.939 GC heap after
{Heap after GC invocations=215 (full 1):
 garbage-first heap   total 841728K, used 639016K [0x0000000700000000, 0x0000000800000000)
  region size 2048K, 4 young (8192K), 4 survivors (8192K)
 Metaspace       used 238681K, committed 242048K, reserved 1310720K
  class space    used 30878K, committed 32448K, reserved 1048576K
}
Event: 8281.967 GC heap before
{Heap before GC invocations=215 (full 1):
 garbage-first heap   total 841728K, used 727080K [0x0000000700000000, 0x0000000800000000)
  region size 2048K, 48 young (98304K), 4 survivors (8192K)
 Metaspace       used 238734K, committed 242048K, reserved 1310720K
  class space    used 30878K, committed 32448K, reserved 1048576K
}
Event: 8281.977 GC heap after
{Heap after GC invocations=216 (full 1):
 garbage-first heap   total 841728K, used 639284K [0x0000000700000000, 0x0000000800000000)
  region size 2048K, 4 young (8192K), 4 survivors (8192K)
 Metaspace       used 238734K, committed 242048K, reserved 1310720K
  class space    used 30878K, committed 32448K, reserved 1048576K
}
Event: 8287.987 GC heap before
{Heap before GC invocations=216 (full 1):
 garbage-first heap   total 841728K, used 727348K [0x0000000700000000, 0x0000000800000000)
  region size 2048K, 48 young (98304K), 4 survivors (8192K)
 Metaspace       used 239061K, committed 242304K, reserved 1310720K
  class space    used 30897K, committed 32448K, reserved 1048576K
}
Event: 8287.997 GC heap after
{Heap after GC invocations=217 (full 1):
 garbage-first heap   total 841728K, used 636687K [0x0000000700000000, 0x0000000800000000)
  region size 2048K, 2 young (4096K), 2 survivors (4096K)
 Metaspace       used 239061K, committed 242304K, reserved 1310720K
  class space    used 30897K, committed 32448K, reserved 1048576K
}
Event: 8295.506 GC heap before
{Heap before GC invocations=217 (full 1):
 garbage-first heap   total 841728K, used 730895K [0x0000000700000000, 0x0000000800000000)
  region size 2048K, 49 young (100352K), 2 survivors (4096K)
 Metaspace       used 239364K, committed 242688K, reserved 1310720K
  class space    used 30941K, committed 32512K, reserved 1048576K
}
Event: 8295.557 GC heap after
{Heap after GC invocations=218 (full 1):
 garbage-first heap   total 841728K, used 639504K [0x0000000700000000, 0x0000000800000000)
  region size 2048K, 4 young (8192K), 4 survivors (8192K)
 Metaspace       used 239364K, committed 242688K, reserved 1310720K
  class space    used 30941K, committed 32512K, reserved 1048576K
}
Event: 8296.136 GC heap before
{Heap before GC invocations=218 (full 1):
 garbage-first heap   total 841728K, used 729616K [0x0000000700000000, 0x0000000800000000)
  region size 2048K, 49 young (100352K), 4 survivors (8192K)
 Metaspace       used 239379K, committed 242688K, reserved 1310720K
  class space    used 30942K, committed 32512K, reserved 1048576K
}
Event: 8296.160 GC heap after
{Heap after GC invocations=219 (full 1):
 garbage-first heap   total 841728K, used 652576K [0x0000000700000000, 0x0000000800000000)
  region size 2048K, 7 young (14336K), 7 survivors (14336K)
 Metaspace       used 239379K, committed 242688K, reserved 1310720K
  class space    used 30942K, committed 32512K, reserved 1048576K
}
Event: 8296.830 GC heap before
{Heap before GC invocations=219 (full 1):
 garbage-first heap   total 841728K, used 724256K [0x0000000700000000, 0x0000000800000000)
  region size 2048K, 43 young (88064K), 7 survivors (14336K)
 Metaspace       used 239389K, committed 242688K, reserved 1310720K
  class space    used 30943K, committed 32512K, reserved 1048576K
}
Event: 8296.877 GC heap after
{Heap after GC invocations=220 (full 1):
 garbage-first heap   total 841728K, used 664723K [0x0000000700000000, 0x0000000800000000)
  region size 2048K, 6 young (12288K), 6 survivors (12288K)
 Metaspace       used 239389K, committed 242688K, reserved 1310720K
  class space    used 30943K, committed 32512K, reserved 1048576K
}
Event: 8297.480 GC heap before
{Heap before GC invocations=220 (full 1):
 garbage-first heap   total 841728K, used 726163K [0x0000000700000000, 0x0000000800000000)
  region size 2048K, 36 young (73728K), 6 survivors (12288K)
 Metaspace       used 239399K, committed 242688K, reserved 1310720K
  class space    used 30943K, committed 32512K, reserved 1048576K
}
Event: 8297.505 GC heap after
{Heap after GC invocations=221 (full 1):
 garbage-first heap   total 841728K, used 672774K [0x0000000700000000, 0x0000000800000000)
  region size 2048K, 5 young (10240K), 5 survivors (10240K)
 Metaspace       used 239399K, committed 242688K, reserved 1310720K
  class space    used 30943K, committed 32512K, reserved 1048576K
}
Event: 8298.170 GC heap before
{Heap before GC invocations=221 (full 1):
 garbage-first heap   total 841728K, used 723974K [0x0000000700000000, 0x0000000800000000)
  region size 2048K, 30 young (61440K), 5 survivors (10240K)
 Metaspace       used 239429K, committed 242688K, reserved 1310720K
  class space    used 30947K, committed 32512K, reserved 1048576K
}
Event: 8298.193 GC heap after
{Heap after GC invocations=222 (full 1):
 garbage-first heap   total 841728K, used 678102K [0x0000000700000000, 0x0000000800000000)
  region size 2048K, 3 young (6144K), 3 survivors (6144K)
 Metaspace       used 239429K, committed 242688K, reserved 1310720K
  class space    used 30947K, committed 32512K, reserved 1048576K
}
Event: 8298.546 GC heap before
{Heap before GC invocations=222 (full 1):
 garbage-first heap   total 841728K, used 725206K [0x0000000700000000, 0x0000000800000000)
  region size 2048K, 27 young (55296K), 3 survivors (6144K)
 Metaspace       used 239467K, committed 242752K, reserved 1310720K
  class space    used 30948K, committed 32512K, reserved 1048576K
}

