# JRE version: OpenJDK Runtime Environment Temurin-17.0.15+6 (17.0.15+6) (build 17.0.15+6)
# Java VM: OpenJDK 64-Bit Server VM Temurin-17.0.15+6 (17.0.15+6, mixed mode, sharing, tiered, compressed oops, compressed class ptrs, g1 gc, windows-amd64)
GC Precious Log:
 CPUs: 8 total, 8 available
 Memory: 8038M
 Large Page Support: Disabled
 NUMA Support: Disabled
 Compressed Oops: Enabled (Zero based)
 Heap Region Size: 2M
 Heap Min Capacity: 8M
 Heap Initial Capacity: 126M
 Heap Max Capacity: 4G
 Pre-touch: Disabled
 Parallel Workers: 8
 Concurrent Workers: 2
 Concurrent Refinement Workers: 8
 Periodic GC: Disabled
Heap:
 garbage-first heap   total 544768K, used 268328K [0x0000000700000000, 0x0000000800000000)
  region size 2048K, 7 young (14336K), 7 survivors (14336K)
 Metaspace       used 138328K, committed 140224K, reserved 557056K
  class space    used 18855K, committed 19712K, reserved 425984K
GC Heap History (20 events):
Event: 57.253 GC heap after
{Heap after GC invocations=45 (full 0):
 garbage-first heap   total 299008K, used 144123K [0x0000000700000000, 0x0000000800000000)
  region size 2048K, 8 young (16384K), 8 survivors (16384K)
 Metaspace       used 113549K, committed 114816K, reserved 557056K
  class space    used 15677K, committed 16256K, reserved 425984K
}
Event: 57.874 GC heap before
{Heap before GC invocations=45 (full 0):
 garbage-first heap   total 299008K, used 234235K [0x0000000700000000, 0x0000000800000000)
  region size 2048K, 53 young (108544K), 8 survivors (16384K)
 Metaspace       used 113576K, committed 114816K, reserved 557056K
  class space    used 15677K, committed 16256K, reserved 425984K
}
Event: 57.911 GC heap after
{Heap after GC invocations=46 (full 0):
 garbage-first heap   total 544768K, used 149701K [0x0000000700000000, 0x0000000800000000)
  region size 2048K, 4 young (8192K), 4 survivors (8192K)
 Metaspace       used 113576K, committed 114816K, reserved 557056K
  class space    used 15677K, committed 16256K, reserved 425984K
}
Event: 64.049 GC heap before
{Heap before GC invocations=46 (full 0):
 garbage-first heap   total 544768K, used 436421K [0x0000000700000000, 0x0000000800000000)
  region size 2048K, 143 young (292864K), 4 survivors (8192K)
 Metaspace       used 114990K, committed 116352K, reserved 557056K
  class space    used 15895K, committed 16512K, reserved 425984K
}
Event: 64.171 GC heap after
{Heap after GC invocations=47 (full 0):
 garbage-first heap   total 544768K, used 177683K [0x0000000700000000, 0x0000000800000000)
  region size 2048K, 16 young (32768K), 16 survivors (32768K)
 Metaspace       used 114990K, committed 116352K, reserved 557056K
  class space    used 15895K, committed 16512K, reserved 425984K
}
Event: 69.875 GC heap before
{Heap before GC invocations=47 (full 0):
 garbage-first heap   total 544768K, used 398867K [0x0000000700000000, 0x0000000800000000)
  region size 2048K, 124 young (253952K), 16 survivors (32768K)
 Metaspace       used 120029K, committed 121408K, reserved 557056K
  class space    used 16612K, committed 17280K, reserved 425984K
}
Event: 70.003 GC heap after
{Heap after GC invocations=48 (full 0):
 garbage-first heap   total 544768K, used 203787K [0x0000000700000000, 0x0000000800000000)
  region size 2048K, 13 young (26624K), 13 survivors (26624K)
 Metaspace       used 120029K, committed 121408K, reserved 557056K
  class space    used 16612K, committed 17280K, reserved 425984K
}
Event: 72.080 GC heap before
{Heap before GC invocations=48 (full 0):
 garbage-first heap   total 544768K, used 414731K [0x0000000700000000, 0x0000000800000000)
  region size 2048K, 117 young (239616K), 13 survivors (26624K)
 Metaspace       used 120432K, committed 121856K, reserved 557056K
  class space    used 16658K, committed 17344K, reserved 425984K
}
Event: 72.147 GC heap after
{Heap after GC invocations=49 (full 0):
 garbage-first heap   total 544768K, used 222105K [0x0000000700000000, 0x0000000800000000)
  region size 2048K, 10 young (20480K), 10 survivors (20480K)
 Metaspace       used 120432K, committed 121856K, reserved 557056K
  class space    used 16658K, committed 17344K, reserved 425984K
}
Event: 81.274 GC heap before
{Heap before GC invocations=49 (full 0):
 garbage-first heap   total 544768K, used 428953K [0x0000000700000000, 0x0000000800000000)
  region size 2048K, 111 young (227328K), 10 survivors (20480K)
 Metaspace       used 122289K, committed 123840K, reserved 557056K
  class space    used 16860K, committed 17600K, reserved 425984K
}
Event: 81.342 GC heap after
{Heap after GC invocations=50 (full 0):
 garbage-first heap   total 544768K, used 247808K [0x0000000700000000, 0x0000000800000000)
  region size 2048K, 14 young (28672K), 14 survivors (28672K)
 Metaspace       used 122289K, committed 123840K, reserved 557056K
  class space    used 16860K, committed 17600K, reserved 425984K
}
Event: 91.520 GC heap before
{Heap before GC invocations=50 (full 0):
 garbage-first heap   total 544768K, used 428031K [0x0000000700000000, 0x0000000800000000)
  region size 2048K, 103 young (210944K), 14 survivors (28672K)
 Metaspace       used 128535K, committed 130304K, reserved 557056K
  class space    used 17589K, committed 18432K, reserved 425984K
}
Event: 91.619 GC heap after
{Heap after GC invocations=51 (full 0):
 garbage-first heap   total 544768K, used 256128K [0x0000000700000000, 0x0000000800000000)
  region size 2048K, 5 young (10240K), 5 survivors (10240K)
 Metaspace       used 128535K, committed 130304K, reserved 557056K
  class space    used 17589K, committed 18432K, reserved 425984K
}
Event: 92.864 GC heap before
{Heap before GC invocations=51 (full 0):
 garbage-first heap   total 544768K, used 346240K [0x0000000700000000, 0x0000000800000000)
  region size 2048K, 51 young (104448K), 5 survivors (10240K)
 Metaspace       used 130811K, committed 132608K, reserved 557056K
  class space    used 17822K, committed 18688K, reserved 425984K
}
Event: 92.900 GC heap after
{Heap after GC invocations=52 (full 0):
 garbage-first heap   total 544768K, used 257210K [0x0000000700000000, 0x0000000800000000)
  region size 2048K, 6 young (12288K), 6 survivors (12288K)
 Metaspace       used 130811K, committed 132608K, reserved 557056K
  class space    used 17822K, committed 18688K, reserved 425984K
}
Event: 96.970 GC heap before
{Heap before GC invocations=53 (full 0):
 garbage-first heap   total 544768K, used 441530K [0x0000000700000000, 0x0000000800000000)
  region size 2048K, 96 young (196608K), 6 survivors (12288K)
 Metaspace       used 132174K, committed 134016K, reserved 557056K
  class space    used 18024K, committed 18880K, reserved 425984K
}
Event: 97.005 GC heap after
{Heap after GC invocations=54 (full 0):
 garbage-first heap   total 544768K, used 262479K [0x0000000700000000, 0x0000000800000000)
  region size 2048K, 8 young (16384K), 8 survivors (16384K)
 Metaspace       used 132174K, committed 134016K, reserved 557056K
  class space    used 18024K, committed 18880K, reserved 425984K
}
Event: 97.148 GC heap before
{Heap before GC invocations=54 (full 0):
 garbage-first heap   total 544768K, used 272719K [0x0000000700000000, 0x0000000800000000)
  region size 2048K, 13 young (26624K), 8 survivors (16384K)
 Metaspace       used 132202K, committed 134016K, reserved 557056K
  class space    used 18029K, committed 18880K, reserved 425984K
}
Event: 97.195 GC heap after
{Heap after GC invocations=55 (full 0):
 garbage-first heap   total 544768K, used 257717K [0x0000000700000000, 0x0000000800000000)
  region size 2048K, 2 young (4096K), 2 survivors (4096K)
 Metaspace       used 132202K, committed 134016K, reserved 557056K
  class space    used 18029K, committed 18880K, reserved 425984K
}
Event: 102.217 GC heap before
{Heap before GC invocations=55 (full 0):
 garbage-first heap   total 544768K, used 446133K [0x0000000700000000, 0x0000000800000000)
  region size 2048K, 94 young (192512K), 2 survivors (4096K)
 Metaspace       used 138328K, committed 140224K, reserved 557056K
  class space    used 18855K, committed 19712K, reserved 425984K
}

