# JRE version: OpenJDK Runtime Environment Temurin-17.0.15+6 (17.0.15+6) (build 17.0.15+6)
# Java VM: OpenJDK 64-Bit Server VM Temurin-17.0.15+6 (17.0.15+6, mixed mode, sharing, tiered, compressed oops, compressed class ptrs, g1 gc, windows-amd64)
GC Precious Log:
 CPUs: 8 total, 8 available
 Memory: 8038M
 Large Page Support: Disabled
 NUMA Support: Disabled
 Compressed Oops: Enabled (Zero based)
 Heap Region Size: 2M
 Heap Min Capacity: 8M
 Heap Initial Capacity: 126M
 Heap Max Capacity: 4G
 Pre-touch: Disabled
 Parallel Workers: 8
 Concurrent Workers: 2
 Concurrent Refinement Workers: 8
 Periodic GC: Disabled
Heap:
 garbage-first heap   total 727040K, used 418086K [0x0000000700000000, 0x0000000800000000)
  region size 2048K, 26 young (53248K), 10 survivors (20480K)
 Metaspace       used 176253K, committed 178368K, reserved 622592K
  class space    used 23211K, committed 24192K, reserved 425984K
GC Heap History (20 events):
Event: 152.080 GC heap before
{Heap before GC invocations=75 (full 0):
 garbage-first heap   total 727040K, used 611402K [0x0000000700000000, 0x0000000800000000)
  region size 2048K, 149 young (305152K), 10 survivors (20480K)
 Metaspace       used 151040K, committed 152896K, reserved 622592K
  class space    used 19966K, committed 20864K, reserved 425984K
}
Event: 152.105 GC heap after
{Heap after GC invocations=76 (full 0):
 garbage-first heap   total 727040K, used 330102K [0x0000000700000000, 0x0000000800000000)
  region size 2048K, 11 young (22528K), 11 survivors (22528K)
 Metaspace       used 151040K, committed 152896K, reserved 622592K
  class space    used 19966K, committed 20864K, reserved 425984K
}
Event: 161.235 GC heap before
{Heap before GC invocations=76 (full 0):
 garbage-first heap   total 727040K, used 610678K [0x0000000700000000, 0x0000000800000000)
  region size 2048K, 149 young (305152K), 11 survivors (22528K)
 Metaspace       used 155350K, committed 157248K, reserved 622592K
  class space    used 20510K, committed 21376K, reserved 425984K
}
Event: 161.264 GC heap after
{Heap after GC invocations=77 (full 0):
 garbage-first heap   total 727040K, used 330321K [0x0000000700000000, 0x0000000800000000)
  region size 2048K, 9 young (18432K), 9 survivors (18432K)
 Metaspace       used 155350K, committed 157248K, reserved 622592K
  class space    used 20510K, committed 21376K, reserved 425984K
}
Event: 284.700 GC heap before
{Heap before GC invocations=77 (full 0):
 garbage-first heap   total 727040K, used 610897K [0x0000000700000000, 0x0000000800000000)
  region size 2048K, 147 young (301056K), 9 survivors (18432K)
 Metaspace       used 155666K, committed 157632K, reserved 622592K
  class space    used 20542K, committed 21440K, reserved 425984K
}
Event: 284.726 GC heap after
{Heap after GC invocations=78 (full 0):
 garbage-first heap   total 727040K, used 333388K [0x0000000700000000, 0x0000000800000000)
  region size 2048K, 12 young (24576K), 12 survivors (24576K)
 Metaspace       used 155666K, committed 157632K, reserved 622592K
  class space    used 20542K, committed 21440K, reserved 425984K
}
Event: 295.896 GC heap before
{Heap before GC invocations=78 (full 0):
 garbage-first heap   total 727040K, used 630348K [0x0000000700000000, 0x0000000800000000)
  region size 2048K, 149 young (305152K), 12 survivors (24576K)
 Metaspace       used 162572K, committed 164608K, reserved 622592K
  class space    used 21454K, committed 22400K, reserved 425984K
}
Event: 295.944 GC heap after
{Heap after GC invocations=79 (full 0):
 garbage-first heap   total 727040K, used 363955K [0x0000000700000000, 0x0000000800000000)
  region size 2048K, 19 young (38912K), 19 survivors (38912K)
 Metaspace       used 162572K, committed 164608K, reserved 622592K
  class space    used 21454K, committed 22400K, reserved 425984K
}
Event: 307.360 GC heap before
{Heap before GC invocations=79 (full 0):
 garbage-first heap   total 727040K, used 603571K [0x0000000700000000, 0x0000000800000000)
  region size 2048K, 137 young (280576K), 19 survivors (38912K)
 Metaspace       used 173971K, committed 176128K, reserved 622592K
  class space    used 23061K, committed 24064K, reserved 425984K
}
Event: 307.427 GC heap after
{Heap after GC invocations=80 (full 0):
 garbage-first heap   total 727040K, used 374993K [0x0000000700000000, 0x0000000800000000)
  region size 2048K, 10 young (20480K), 10 survivors (20480K)
 Metaspace       used 173971K, committed 176128K, reserved 622592K
  class space    used 23061K, committed 24064K, reserved 425984K
}
Event: 314.362 GC heap before
{Heap before GC invocations=80 (full 0):
 garbage-first heap   total 727040K, used 604369K [0x0000000700000000, 0x0000000800000000)
  region size 2048K, 122 young (249856K), 10 survivors (20480K)
 Metaspace       used 175069K, committed 177152K, reserved 622592K
  class space    used 23137K, committed 24128K, reserved 425984K
}
Event: 314.391 GC heap after
{Heap after GC invocations=81 (full 0):
 garbage-first heap   total 727040K, used 384478K [0x0000000700000000, 0x0000000800000000)
  region size 2048K, 6 young (12288K), 6 survivors (12288K)
 Metaspace       used 175069K, committed 177152K, reserved 622592K
  class space    used 23137K, committed 24128K, reserved 425984K
}
Event: 315.956 GC heap before
{Heap before GC invocations=81 (full 0):
 garbage-first heap   total 727040K, used 607710K [0x0000000700000000, 0x0000000800000000)
  region size 2048K, 115 young (235520K), 6 survivors (12288K)
 Metaspace       used 175155K, committed 177216K, reserved 622592K
  class space    used 23138K, committed 24128K, reserved 425984K
}
Event: 315.973 GC heap after
{Heap after GC invocations=82 (full 0):
 garbage-first heap   total 727040K, used 383071K [0x0000000700000000, 0x0000000800000000)
  region size 2048K, 6 young (12288K), 6 survivors (12288K)
 Metaspace       used 175155K, committed 177216K, reserved 622592K
  class space    used 23138K, committed 24128K, reserved 425984K
}
Event: 319.088 GC heap before
{Heap before GC invocations=82 (full 0):
 garbage-first heap   total 727040K, used 614495K [0x0000000700000000, 0x0000000800000000)
  region size 2048K, 119 young (243712K), 6 survivors (12288K)
 Metaspace       used 175420K, committed 177600K, reserved 622592K
  class space    used 23176K, committed 24192K, reserved 425984K
}
Event: 319.121 GC heap after
{Heap after GC invocations=83 (full 0):
 garbage-first heap   total 727040K, used 382687K [0x0000000700000000, 0x0000000800000000)
  region size 2048K, 6 young (12288K), 6 survivors (12288K)
 Metaspace       used 175420K, committed 177600K, reserved 622592K
  class space    used 23176K, committed 24192K, reserved 425984K
}
Event: 329.626 GC heap before
{Heap before GC invocations=83 (full 0):
 garbage-first heap   total 727040K, used 620255K [0x0000000700000000, 0x0000000800000000)
  region size 2048K, 122 young (249856K), 6 survivors (12288K)
 Metaspace       used 175821K, committed 177920K, reserved 622592K
  class space    used 23198K, committed 24192K, reserved 425984K
}
Event: 329.649 GC heap after
{Heap after GC invocations=84 (full 0):
 garbage-first heap   total 727040K, used 376758K [0x0000000700000000, 0x0000000800000000)
  region size 2048K, 4 young (8192K), 4 survivors (8192K)
 Metaspace       used 175821K, committed 177920K, reserved 622592K
  class space    used 23198K, committed 24192K, reserved 425984K
}
Event: 336.091 GC heap before
{Heap before GC invocations=84 (full 0):
 garbage-first heap   total 727040K, used 622518K [0x0000000700000000, 0x0000000800000000)
  region size 2048K, 125 young (256000K), 4 survivors (8192K)
 Metaspace       used 176217K, committed 178304K, reserved 622592K
  class space    used 23211K, committed 24192K, reserved 425984K
}
Event: 336.112 GC heap after
{Heap after GC invocations=85 (full 0):
 garbage-first heap   total 727040K, used 389414K [0x0000000700000000, 0x0000000800000000)
  region size 2048K, 10 young (20480K), 10 survivors (20480K)
 Metaspace       used 176217K, committed 178304K, reserved 622592K
  class space    used 23211K, committed 24192K, reserved 425984K
}

